<?xml version="1.0" encoding="UTF-8"?>
<testsuite errors="0" failures="0" hostname="rivendell" name="spock.damagecontrol.TestResultsWithoutSysOut" tests="1" time="0.005" timestamp="2012-04-26T02:43:19">
  <properties />
  <testcase classname="spock.damagecontrol.TestResultsWithoutSysOut" name="some feature" time="0.0" />
</testsuite>
