<?xml version="1.0" encoding="UTF-8"?>
<testsuite errors="0" failures="0" hostname="rivendell" name="spock.damagecontrol.TestResultsWithIgnoredTestCase" tests="1" time="0.005" timestamp="2012-04-26T02:43:19">
  <properties />
  <ignored-testcase classname="spock.damagecontrol.TestResultsWithIgnoredTestCase" name="ignored feature" time="0.0" />
  <testcase classname="spock.damagecontrol.TestResultsWithIgnoredTestCase" name="skipped feature" time="0.126">
    <skipped/>
  </testcase>
  <system-out><![CDATA[]]></system-out>
  <system-err><![CDATA[]]></system-err>
</testsuite>
